[0]
0
1
0
0
0
False
[[0]]
[[0]
 [1]]
[[0]
 [1]
 [0]]
[[0]
 [1]
 [0]
 [1]
 [0]]
[[0 0]
 [1 0]
 [1 1]]
[[0 0]
 [1 0]
 [1 1]]
[[0 0]
 [1 0]
 [1 1]
 [0 1]]
[[0 0]
 [1 0]
 [1 1]
 [0 1]
 [1 1]]
[[0 0]
 [1 0]
 [1 1]
 [0 1]
 [1 1]
 [0 0]]
[[0 0 0]
 [1 1 1]]
[[0 0 0]
 [1 1 1]
 [0 0 0]]
[[0 0 0]
 [1 1 1]
 [0 0 0]
 [0 1 1]]
[[0 0 0]
 [1 1 1]
 [0 0 0]
 [0 1 1]]
[[0 0 0]
 [0 0 1]]
[[0 0 0]
 [0 0 1]
 [0 1 1]]
[[0 0 0]
 [0 0 1]
 [0 1 1]
 [0 0 0]]
[[0 0 0]
 [1 0 0]
 [1 1 0]]
True
--  -  -  -  -  -
n   0  1  1  1  1
n1  0  0  1  0  0
n2  0  0  0  1  0
n3  0  0  0  0  1
d1  0  0  1  1  1
d2  0  0  0  1  1
--  -  -  -  -  -
