

Example 1:

MyType_n
-------  -  -
neuron0  0  1
-------  -  -
True


Example 2:

MyBasicType_n
-------  -  -  -
neuron1  0  1  1
neuron2  0  0  1
-------  -  -  -
True


Example 3:

------  -  -  -  -  -
a       0  0  1  0  0
b       0  0  0  1  0
hug_n   0  1  0  0  0
ptype2  *  1  1  1  0
rel     *  1  0  0  0
arg0    *  0  1  0  0
arg1    *  0  0  1  0
------  -  -  -  -  -
---------  -  -  -  -  -  -  -  -
a          0  0  0  0  1  0  0  0
b          0  0  0  0  0  1  0  0
hug_n      0  0  0  1  0  0  0  0
ptype2     0  1  1  1  1  1  1  0
rel        0  1  0  0  0  0  0  0
arg0       0  0  1  0  0  0  0  0
arg1       0  0  0  1  1  1  1  0
c          0  0  1  0  0  0  0  0
believe_n  0  1  0  0  0  0  0  0
ptype2     *  0  0  1  1  1  0  0
rel        *  0  0  1  0  0  0  0
arg0       *  0  0  0  1  0  0  0
arg1       *  0  0  0  0  1  0  0
---------  -  -  -  -  -  -  -  -


Example 4:

---------  -  -  -  -  -  -  -
a          0  0  0  0  0  0  0
b          0  0  0  0  1  0  0
hug_n      0  0  1  0  0  0  0
ptype2     0  0  1  1  1  0  0
rel        0  0  1  0  0  0  0
arg0       0  0  0  1  0  0  0
arg1       0  0  0  0  1  0  0
c          0  0  0  0  0  0  0
believe_n  0  0  0  0  0  0  0
ptype2     0  0  0  0  0  0  0
rel        0  0  0  0  0  0  0
arg0       0  0  0  0  0  0  0
arg1       0  0  0  0  0  0  0
Ind_n      0  1  0  0  0  0  0
lambda     *  1  1  1  1  1  0
dom        *  1  0  0  0  0  0
var        *  1  0  1  0  0  0
rng        *  0  1  1  1  1  0
---------  -  -  -  -  -  -  -
[[(np.int64(14), 'lambda', np.int64(1)),
  (np.int64(15), 'dom', np.int64(1)),
  (np.int64(16), 'var', np.int64(1)),
  (np.int64(13), 'Ind_n', np.int64(1))],
 [(np.int64(15), 'dom', np.int64(0)),
  (np.int64(16), 'var', np.int64(0)),
  (np.int64(13), 'Ind_n', np.int64(0)),
  (np.int64(17), 'rng', np.int64(1)),
  (np.int64(3), 'ptype2', np.int64(1)),
  (np.int64(4), 'rel', np.int64(1)),
  (np.int64(2), 'hug_n', np.int64(1))],
 [(np.int64(4), 'rel', np.int64(0)),
  (np.int64(2), 'hug_n', np.int64(0)),
  (np.int64(5), 'arg0', np.int64(1)),
  (np.int64(16), 'var', np.int64(1))],
 [(np.int64(5), 'arg0', np.int64(0)),
  (np.int64(16), 'var', np.int64(0)),
  (np.int64(6), 'arg1', np.int64(1)),
  (np.int64(1), 'b', np.int64(1))],
 [(np.int64(3), 'ptype2', np.int64(0)),
  (np.int64(6), 'arg1', np.int64(0)),
  (np.int64(1), 'b', np.int64(0))],
 [(np.int64(14), 'lambda', np.int64(0)), (np.int64(17), 'rng', np.int64(0))]]
---------  -  -  -  -  -  -  -  -  -
a          0  0  0  0  0  0  0  0  0
b          0  0  0  0  0  0  0  0  0
hug_n      0  0  0  1  0  0  0  0  0
ptype2     0  0  0  1  1  1  0  0  0
rel        0  0  0  1  0  0  0  0  0
arg0       0  0  0  0  1  0  0  0  0
arg1       0  0  0  0  0  1  0  0  0
c          0  0  0  0  0  0  0  0  0
believe_n  0  0  0  0  0  0  0  0  0
ptype2     0  0  0  0  0  0  0  0  0
rel        0  0  0  0  0  0  0  0  0
arg0       0  0  0  0  0  0  0  0  0
arg1       0  0  0  0  0  0  0  0  0
Ind_n      0  1  1  0  0  0  0  0  0
lambda     0  1  1  1  1  1  1  1  0
dom        0  1  0  0  0  0  0  0  0
var        0  1  0  0  1  0  0  0  0
rng        0  0  1  1  1  1  1  1  0
lambda     *  0  1  1  1  1  1  0  0
dom        *  0  1  0  0  0  0  0  0
var        *  0  1  0  0  1  0  0  0
rng        *  0  0  1  1  1  1  0  0
---------  -  -  -  -  -  -  -  -  -
[[(np.int64(14), 'lambda', np.int64(1)),
  (np.int64(15), 'dom', np.int64(1)),
  (np.int64(16), 'var', np.int64(1)),
  (np.int64(13), 'Ind_n', np.int64(1))],
 [(np.int64(15), 'dom', np.int64(0)),
  (np.int64(16), 'var', np.int64(0)),
  (np.int64(13), 'Ind_n', np.int64(0)),
  (np.int64(17), 'rng', np.int64(1)),
  (np.int64(18), 'lambda', np.int64(1)),
  (np.int64(19), 'dom', np.int64(1)),
  (np.int64(20), 'var', np.int64(1)),
  (np.int64(13), 'Ind_n', np.int64(1))],
 [(np.int64(19), 'dom', np.int64(0)),
  (np.int64(20), 'var', np.int64(0)),
  (np.int64(13), 'Ind_n', np.int64(0)),
  (np.int64(21), 'rng', np.int64(1)),
  (np.int64(3), 'ptype2', np.int64(1)),
  (np.int64(4), 'rel', np.int64(1)),
  (np.int64(2), 'hug_n', np.int64(1))],
 [(np.int64(4), 'rel', np.int64(0)),
  (np.int64(2), 'hug_n', np.int64(0)),
  (np.int64(5), 'arg0', np.int64(1)),
  (np.int64(16), 'var', np.int64(1))],
 [(np.int64(5), 'arg0', np.int64(0)),
  (np.int64(16), 'var', np.int64(0)),
  (np.int64(6), 'arg1', np.int64(1)),
  (np.int64(20), 'var', np.int64(1))],
 [(np.int64(3), 'ptype2', np.int64(0)),
  (np.int64(6), 'arg1', np.int64(0)),
  (np.int64(20), 'var', np.int64(0))],
 [(np.int64(18), 'lambda', np.int64(0)), (np.int64(21), 'rng', np.int64(0))],
 [(np.int64(14), 'lambda', np.int64(0)), (np.int64(17), 'rng', np.int64(0))]]


Example 5:

-------  -  -  -  -  -  -  -  -  -  -  -  -  -
every_n  0  1  0  0  0  0  0  0  0  0  0  0  0
dog_n    0  0  0  1  0  0  0  0  0  0  0  0  0
run_n    0  0  0  0  0  0  0  0  1  0  0  0  0
Ind_n    0  0  1  0  0  0  0  1  0  0  0  0  0
ptype2   *  1  1  1  1  1  1  1  1  1  1  1  0
rel      *  1  0  0  0  0  0  0  0  0  0  0  0
arg0     *  0  1  1  1  1  1  0  0  0  0  0  0
arg1     *  0  0  0  0  0  0  1  1  1  1  1  0
lambda   *  0  1  1  1  1  0  1  1  1  1  0  0
dom      *  0  1  0  0  0  0  1  0  0  0  0  0
var      *  0  1  0  1  0  0  1  0  1  0  0  0
rng      *  0  0  1  1  1  0  0  1  1  1  0  0
ptype1   *  0  0  1  1  0  0  0  1  1  0  0  0
rel      *  0  0  1  0  0  0  0  1  0  0  0  0
arg0     *  0  0  0  1  0  0  0  0  1  0  0  0
-------  -  -  -  -  -  -  -  -  -  -  -  -  -
[[(np.int64(4), 'ptype2', np.int64(1)),
  (np.int64(5), 'rel', np.int64(1)),
  (np.int64(0), 'every_n', np.int64(1))],
 [(np.int64(5), 'rel', np.int64(0)),
  (np.int64(0), 'every_n', np.int64(0)),
  (np.int64(6), 'arg0', np.int64(1)),
  (np.int64(8), 'lambda', np.int64(1)),
  (np.int64(9), 'dom', np.int64(1)),
  (np.int64(10), 'var', np.int64(1)),
  (np.int64(3), 'Ind_n', np.int64(1))],
 [(np.int64(9), 'dom', np.int64(0)),
  (np.int64(10), 'var', np.int64(0)),
  (np.int64(3), 'Ind_n', np.int64(0)),
  (np.int64(11), 'rng', np.int64(1)),
  (np.int64(12), 'ptype1', np.int64(1)),
  (np.int64(13), 'rel', np.int64(1)),
  (np.int64(1), 'dog_n', np.int64(1))],
 [(np.int64(13), 'rel', np.int64(0)),
  (np.int64(1), 'dog_n', np.int64(0)),
  (np.int64(14), 'arg0', np.int64(1)),
  (np.int64(10), 'var', np.int64(1))],
 [(np.int64(12), 'ptype1', np.int64(0)),
  (np.int64(14), 'arg0', np.int64(0)),
  (np.int64(10), 'var', np.int64(0))],
 [(np.int64(8), 'lambda', np.int64(0)), (np.int64(11), 'rng', np.int64(0))],
 [(np.int64(6), 'arg0', np.int64(0)),
  (np.int64(7), 'arg1', np.int64(1)),
  (np.int64(8), 'lambda', np.int64(1)),
  (np.int64(9), 'dom', np.int64(1)),
  (np.int64(10), 'var', np.int64(1)),
  (np.int64(3), 'Ind_n', np.int64(1))],
 [(np.int64(9), 'dom', np.int64(0)),
  (np.int64(10), 'var', np.int64(0)),
  (np.int64(3), 'Ind_n', np.int64(0)),
  (np.int64(11), 'rng', np.int64(1)),
  (np.int64(12), 'ptype1', np.int64(1)),
  (np.int64(13), 'rel', np.int64(1)),
  (np.int64(2), 'run_n', np.int64(1))],
 [(np.int64(13), 'rel', np.int64(0)),
  (np.int64(2), 'run_n', np.int64(0)),
  (np.int64(14), 'arg0', np.int64(1)),
  (np.int64(10), 'var', np.int64(1))],
 [(np.int64(12), 'ptype1', np.int64(0)),
  (np.int64(14), 'arg0', np.int64(0)),
  (np.int64(10), 'var', np.int64(0))],
 [(np.int64(8), 'lambda', np.int64(0)), (np.int64(11), 'rng', np.int64(0))],
 [(np.int64(4), 'ptype2', np.int64(0)), (np.int64(7), 'arg1', np.int64(0))]]
--------------  -  -  -  -  -  -  -  -  -  -  -  -  -  -  -
every_n         0  0  0  1  0  0  0  0  0  0  0  0  0  0  0
dog_n           0  0  0  0  0  1  0  0  0  0  0  0  0  0  0
run_n           0  0  0  0  0  0  0  0  0  0  1  0  0  0  0
Ind_n           0  0  0  0  1  0  0  0  0  1  0  0  0  0  0
ptype2          0  0  0  1  1  1  1  1  1  1  1  1  1  1  0
rel             0  0  0  1  0  0  0  0  0  0  0  0  0  0  0
arg0            0  0  0  0  1  1  1  1  1  0  0  0  0  0  0
arg1            0  0  0  0  0  0  0  0  0  1  1  1  1  1  0
lambda          0  0  0  0  1  1  1  1  0  1  1  1  1  0  0
dom             0  0  0  0  1  0  0  0  0  1  0  0  0  0  0
var             0  0  0  0  1  0  1  0  0  1  0  1  0  0  0
rng             0  0  0  0  0  1  1  1  0  0  1  1  1  0  0
ptype1          0  0  0  0  0  1  1  0  0  0  1  1  0  0  0
rel             0  0  0  0  0  1  0  0  0  0  1  0  0  0  0
arg0            0  0  0  0  0  0  1  0  0  0  0  1  0  0  0
every dog runs  0  1  1  1  1  1  1  1  1  1  1  1  1  1  0
Delay           0  0  1  1  1  1  1  1  1  1  1  1  1  1  0
Delay           0  0  0  1  1  1  1  1  1  1  1  1  1  1  0
Delay           0  0  0  0  1  1  1  1  1  1  1  1  1  1  0
Delay           0  0  0  0  0  1  1  1  1  1  1  1  1  1  0
Delay           0  0  0  0  0  0  1  1  1  1  1  1  1  1  0
Delay           0  0  0  0  0  0  0  1  1  1  1  1  1  1  0
Delay           0  0  0  0  0  0  0  0  1  1  1  1  1  1  0
Delay           0  0  0  0  0  0  0  0  0  1  1  1  1  1  0
Delay           0  0  0  0  0  0  0  0  0  0  1  1  1  1  0
Delay           0  0  0  0  0  0  0  0  0  0  0  1  1  1  0
Delay           0  0  0  0  0  0  0  0  0  0  0  0  1  1  0
Delay           0  0  0  0  0  0  0  0  0  0  0  0  0  1  0
--------------  -  -  -  -  -  -  -  -  -  -  -  -  -  -  -


Example 6:

[[(0, 'Ind_n', 1)]]
[[(1, 'a', 1)]]
[[(0, 'Ind_n', 1), (1, 'a', 1)], [(0, 'Ind_n', 0), (1, 'a', 0)]]
-----  -  -  -  -  -
Ind_n  0  0  0  1  0
a      0  0  0  1  0
b      0  0  0  0  0
a:Ind  0  1  1  1  0
Delay  0  0  1  1  0
Delay  0  0  0  1  0
-----  -  -  -  -  -


Example 7:

----------------  -  -  -  -  -  -  -  -  -  -  -  -  -  -  -  -
every_n           0  0  0  1  0  0  0  0  0  0  0  0  0  0  0  0
dog_n             0  0  0  0  0  1  0  0  0  0  0  0  0  0  0  0
run_n             0  0  0  0  0  0  0  0  0  0  1  0  0  0  0  0
Ind_n             0  0  0  0  1  0  0  0  0  1  0  0  0  0  0  0
e                 0  0  0  1  1  1  1  1  1  1  1  1  1  1  1  0
ptype2            0  0  0  1  1  1  1  1  1  1  1  1  1  1  0  0
rel               0  0  0  1  0  0  0  0  0  0  0  0  0  0  0  0
arg0              0  0  0  0  1  1  1  1  1  0  0  0  0  0  0  0
arg1              0  0  0  0  0  0  0  0  0  1  1  1  1  1  0  0
lambda            0  0  0  0  1  1  1  1  0  1  1  1  1  0  0  0
dom               0  0  0  0  1  0  0  0  0  1  0  0  0  0  0  0
var               0  0  0  0  1  0  1  0  0  1  0  1  0  0  0  0
rng               0  0  0  0  0  1  1  1  0  0  1  1  1  0  0  0
ptype1            0  0  0  0  0  1  1  0  0  0  1  1  0  0  0  0
rel               0  0  0  0  0  1  0  0  0  0  1  0  0  0  0  0
arg0              0  0  0  0  0  0  1  0  0  0  0  1  0  0  0  0
e:every(dog,run)  0  1  1  1  1  1  1  1  1  1  1  1  1  1  1  0
Delay             0  0  1  1  1  1  1  1  1  1  1  1  1  1  1  0
Delay             0  0  0  1  1  1  1  1  1  1  1  1  1  1  1  0
Delay             0  0  0  0  1  1  1  1  1  1  1  1  1  1  1  0
Delay             0  0  0  0  0  1  1  1  1  1  1  1  1  1  1  0
Delay             0  0  0  0  0  0  1  1  1  1  1  1  1  1  1  0
Delay             0  0  0  0  0  0  0  1  1  1  1  1  1  1  1  0
Delay             0  0  0  0  0  0  0  0  1  1  1  1  1  1  1  0
Delay             0  0  0  0  0  0  0  0  0  1  1  1  1  1  1  0
Delay             0  0  0  0  0  0  0  0  0  0  1  1  1  1  1  0
Delay             0  0  0  0  0  0  0  0  0  0  0  1  1  1  1  0
Delay             0  0  0  0  0  0  0  0  0  0  0  0  1  1  1  0
Delay             0  0  0  0  0  0  0  0  0  0  0  0  0  1  1  0
Delay             0  0  0  0  0  0  0  0  0  0  0  0  0  0  1  0
----------------  -  -  -  -  -  -  -  -  -  -  -  -  -  -  -  -


Example 8:

-------  -  -  -  -  -  -  -  -
T1_n     0  0  0  0  1  0  0  0
T2_n     0  0  0  0  0  1  0  0
&_n      0  0  0  1  0  0  0  0
a        0  0  0  1  1  1  1  0
ptype2   0  0  0  1  1  1  0  0
rel      0  0  0  1  0  0  0  0
arg0     0  0  0  0  1  0  0  0
arg1     0  0  0  0  0  1  0  0
a:T1&T2  0  1  1  1  1  1  1  0
Delay    0  0  1  1  1  1  1  0
Delay    0  0  0  1  1  1  1  0
Delay    0  0  0  0  1  1  1  0
Delay    0  0  0  0  0  1  1  0
Delay    0  0  0  0  0  0  1  0
-------  -  -  -  -  -  -  -  -
True
True


Example 9:

-------  -  -  -  -  -  -  -
T1_n     0  0  0  0  1  0  0
T2_n     0  0  0  0  0  1  0
v_n      0  0  0  1  0  0  0
a        0  0  0  1  0  0  0
ptype2   0  0  0  1  1  1  0
rel      0  0  0  1  0  0  0
arg0     0  0  0  0  1  0  0
arg1     0  0  0  0  0  1  0
a:T1vT2  0  1  1  1  1  1  0
Delay    0  0  1  1  1  1  0
Delay    0  0  0  1  1  1  0
Delay    0  0  0  0  1  1  0
Delay    0  0  0  0  0  1  0
-------  -  -  -  -  -  -  -
False
False


Example 10:

False
True


Example 11:

[[(np.int64(10), 'rec', np.int64(1)),
  (np.int64(4), 'field', np.int64(1)),
  (np.int64(5), 'label', np.int64(1)),
  (np.int64(0), 'l_x', np.int64(1))],
 [(np.int64(5), 'label', np.int64(0)),
  (np.int64(0), 'l_x', np.int64(0)),
  (np.int64(6), 'value', np.int64(1)),
  (np.int64(2), 'a', np.int64(1))],
 [(np.int64(6), 'value', np.int64(0)),
  (np.int64(2), 'a', np.int64(0)),
  (np.int64(4), 'field', np.int64(0))],
 [(np.int64(7), 'field', np.int64(1)),
  (np.int64(8), 'label', np.int64(1)),
  (np.int64(1), 'l_e', np.int64(1))],
 [(np.int64(8), 'label', np.int64(0)),
  (np.int64(1), 'l_e', np.int64(0)),
  (np.int64(9), 'value', np.int64(1)),
  (np.int64(3), 's', np.int64(1))],
 [(np.int64(9), 'value', np.int64(0)),
  (np.int64(3), 's', np.int64(0)),
  (np.int64(7), 'field', np.int64(0))],
 [(np.int64(10), 'rec', np.int64(0))]]
-----  -  -  -  -  -  -  -  -
l_x    0  1  0  0  0  0  0  0
l_e    0  0  0  0  1  0  0  0
a      0  0  1  0  0  0  0  0
s      0  0  0  0  0  1  0  0
field  0  1  1  0  0  0  0  0
label  0  1  0  0  0  0  0  0
value  0  0  1  0  0  0  0  0
field  0  0  0  0  1  1  0  0
label  0  0  0  0  1  0  0  0
value  0  0  0  0  0  1  0  0
rec    0  1  1  1  1  1  1  0
-----  -  -  -  -  -  -  -  -


Example 12:

[[(np.int64(10), 'rec', np.int64(1)),
  (np.int64(4), 'field', np.int64(1)),
  (np.int64(5), 'label', np.int64(1)),
  (np.int64(0), 'l_x', np.int64(1))],
 [(np.int64(5), 'label', np.int64(0)),
  (np.int64(0), 'l_x', np.int64(0)),
  (np.int64(6), 'value', np.int64(1)),
  (np.int64(2), 'Ind_n', np.int64(1))],
 [(np.int64(6), 'value', np.int64(0)),
  (np.int64(2), 'Ind_n', np.int64(0)),
  (np.int64(4), 'field', np.int64(0))],
 [(np.int64(7), 'field', np.int64(1)),
  (np.int64(8), 'label', np.int64(1)),
  (np.int64(1), 'l_e', np.int64(1))],
 [(np.int64(8), 'label', np.int64(0)),
  (np.int64(1), 'l_e', np.int64(0)),
  (np.int64(9), 'value', np.int64(1)),
  (np.int64(11), 'lambda', np.int64(1)),
  (np.int64(12), 'dom', np.int64(1)),
  (np.int64(13), 'var', np.int64(1)),
  (np.int64(2), 'Ind_n', np.int64(1))],
 [(np.int64(12), 'dom', np.int64(0)),
  (np.int64(13), 'var', np.int64(0)),
  (np.int64(2), 'Ind_n', np.int64(0)),
  (np.int64(14), 'rng', np.int64(1)),
  (np.int64(15), 'ptype1', np.int64(1)),
  (np.int64(16), 'rel', np.int64(1)),
  (np.int64(3), 'dog_n', np.int64(1))],
 [(np.int64(16), 'rel', np.int64(0)),
  (np.int64(3), 'dog_n', np.int64(0)),
  (np.int64(17), 'arg0', np.int64(1)),
  (np.int64(13), 'var', np.int64(1))],
 [(np.int64(15), 'ptype1', np.int64(0)),
  (np.int64(17), 'arg0', np.int64(0)),
  (np.int64(13), 'var', np.int64(0))],
 [(np.int64(11), 'lambda', np.int64(0)), (np.int64(14), 'rng', np.int64(0))],
 [(np.int64(0), 'l_x', np.int64(1))],
 [(np.int64(0), 'l_x', np.int64(0))],
 [(np.int64(9), 'value', np.int64(0)), (np.int64(7), 'field', np.int64(0))],
 [(np.int64(10), 'rec', np.int64(0))]]
------  -  -  -  -  -  -  -  -  -  -  -  -  -  -
l_x     0  1  0  0  0  0  0  0  0  0  1  0  0  0
l_e     0  0  0  0  1  0  0  0  0  0  0  0  0  0
Ind_n   0  0  1  0  0  1  0  0  0  0  0  0  0  0
dog_n   0  0  0  0  0  0  1  0  0  0  0  0  0  0
field   0  1  1  0  0  0  0  0  0  0  0  0  0  0
label   0  1  0  0  0  0  0  0  0  0  0  0  0  0
value   0  0  1  0  0  0  0  0  0  0  0  0  0  0
field   0  0  0  0  1  1  1  1  1  1  1  1  0  0
label   0  0  0  0  1  0  0  0  0  0  0  0  0  0
value   0  0  0  0  0  1  1  1  1  1  1  1  0  0
rec     0  1  1  1  1  1  1  1  1  1  1  1  1  0
lambda  0  0  0  0  0  1  1  1  1  0  0  0  0  0
dom     0  0  0  0  0  1  0  0  0  0  0  0  0  0
var     0  0  0  0  0  1  0  1  0  0  0  0  0  0
rng     0  0  0  0  0  0  1  1  1  0  0  0  0  0
ptype1  0  0  0  0  0  0  1  1  0  0  0  0  0  0
rel     0  0  0  0  0  0  1  0  0  0  0  0  0  0
arg0    0  0  0  0  0  0  0  1  0  0  0  0  0  0
------  -  -  -  -  -  -  -  -  -  -  -  -  -  -


Example 13:

dog(a)


[[(np.int64(3), 'lambda', np.int64(1)),
  (np.int64(4), 'dom', np.int64(1)),
  (np.int64(5), 'var', np.int64(1)),
  (np.int64(1), 'Ind_n', np.int64(1))],
 [(np.int64(4), 'dom', np.int64(0)),
  (np.int64(5), 'var', np.int64(0)),
  (np.int64(1), 'Ind_n', np.int64(0)),
  (np.int64(6), 'rng', np.int64(1)),
  (np.int64(7), 'ptype1', np.int64(1)),
  (np.int64(8), 'rel', np.int64(1)),
  (np.int64(0), 'dog_n', np.int64(1))],
 [(np.int64(8), 'rel', np.int64(0)),
  (np.int64(0), 'dog_n', np.int64(0)),
  (np.int64(9), 'arg0', np.int64(1)),
  (np.int64(5), 'var', np.int64(1))],
 [(np.int64(7), 'ptype1', np.int64(0)),
  (np.int64(9), 'arg0', np.int64(0)),
  (np.int64(5), 'var', np.int64(0))],
 [(np.int64(3), 'lambda', np.int64(0)), (np.int64(6), 'rng', np.int64(0))]]


[[(2, 'a', 1)]]


[[(np.int64(7), 'ptype1', np.int64(1)),
  (np.int64(8), 'rel', np.int64(1)),
  (np.int64(0), 'dog_n', np.int64(1))],
 [(np.int64(8), 'rel', np.int64(0)),
  (np.int64(0), 'dog_n', np.int64(0)),
  (np.int64(9), 'arg0', np.int64(1)),
  (np.int64(2), 'a', np.int64(1))],
 [(np.int64(7), 'ptype1', np.int64(0)),
  (np.int64(9), 'arg0', np.int64(0)),
  (np.int64(2), 'a', np.int64(0))]]


Example 14:

[[(np.int64(11), 'rec', np.int64(1)),
  (np.int64(5), 'field', np.int64(1)),
  (np.int64(6), 'label', np.int64(1)),
  (np.int64(0), 'l_x', np.int64(1))],
 [(np.int64(6), 'label', np.int64(0)),
  (np.int64(0), 'l_x', np.int64(0)),
  (np.int64(7), 'value', np.int64(1)),
  (np.int64(2), 'a', np.int64(1))],
 [(np.int64(7), 'value', np.int64(0)),
  (np.int64(2), 'a', np.int64(0)),
  (np.int64(5), 'field', np.int64(0))],
 [(np.int64(8), 'field', np.int64(1)),
  (np.int64(9), 'label', np.int64(1)),
  (np.int64(1), 'l_e', np.int64(1))],
 [(np.int64(9), 'label', np.int64(0)),
  (np.int64(1), 'l_e', np.int64(0)),
  (np.int64(10), 'value', np.int64(1)),
  (np.int64(4), 's1', np.int64(1))],
 [(np.int64(10), 'value', np.int64(0)),
  (np.int64(4), 's1', np.int64(0)),
  (np.int64(8), 'field', np.int64(0))],
 [(np.int64(11), 'rec', np.int64(0))]]


Example 15:

{l_x : Ind, l_e : (lambda v:Ind . dog(v), [l_x])}
{l_x : Ind, l_e : (lambda v:Ind . cat(v), [l_x])}
[[(np.int64(11), 'rec', np.int64(1)),
  (np.int64(5), 'field', np.int64(1)),
  (np.int64(6), 'label', np.int64(1)),
  (np.int64(0), 'l_x', np.int64(1))],
 [(np.int64(6), 'label', np.int64(0)),
  (np.int64(0), 'l_x', np.int64(0)),
  (np.int64(7), 'value', np.int64(1)),
  (np.int64(2), 'Ind_n', np.int64(1))],
 [(np.int64(7), 'value', np.int64(0)),
  (np.int64(2), 'Ind_n', np.int64(0)),
  (np.int64(5), 'field', np.int64(0))],
 [(np.int64(8), 'field', np.int64(1)),
  (np.int64(9), 'label', np.int64(1)),
  (np.int64(1), 'l_e', np.int64(1))],
 [(np.int64(9), 'label', np.int64(0)),
  (np.int64(1), 'l_e', np.int64(0)),
  (np.int64(10), 'value', np.int64(1)),
  (np.int64(12), 'lambda', np.int64(1)),
  (np.int64(13), 'dom', np.int64(1)),
  (np.int64(14), 'var', np.int64(1)),
  (np.int64(2), 'Ind_n', np.int64(1))],
 [(np.int64(13), 'dom', np.int64(0)),
  (np.int64(14), 'var', np.int64(0)),
  (np.int64(2), 'Ind_n', np.int64(0)),
  (np.int64(15), 'rng', np.int64(1)),
  (np.int64(16), 'ptype1', np.int64(1)),
  (np.int64(17), 'rel', np.int64(1)),
  (np.int64(3), 'dog_n', np.int64(1))],
 [(np.int64(17), 'rel', np.int64(0)),
  (np.int64(3), 'dog_n', np.int64(0)),
  (np.int64(18), 'arg0', np.int64(1)),
  (np.int64(14), 'var', np.int64(1))],
 [(np.int64(16), 'ptype1', np.int64(0)),
  (np.int64(18), 'arg0', np.int64(0)),
  (np.int64(14), 'var', np.int64(0))],
 [(np.int64(12), 'lambda', np.int64(0)), (np.int64(15), 'rng', np.int64(0))],
 [(np.int64(0), 'l_x', np.int64(1))],
 [(np.int64(0), 'l_x', np.int64(0))],
 [(np.int64(10), 'value', np.int64(0)), (np.int64(8), 'field', np.int64(0))],
 [(np.int64(11), 'rec', np.int64(0))]]


[[(np.int64(11), 'rec', np.int64(1)),
  (np.int64(5), 'field', np.int64(1)),
  (np.int64(6), 'label', np.int64(1)),
  (np.int64(0), 'l_x', np.int64(1))],
 [(np.int64(6), 'label', np.int64(0)),
  (np.int64(0), 'l_x', np.int64(0)),
  (np.int64(7), 'value', np.int64(1)),
  (np.int64(2), 'Ind_n', np.int64(1))],
 [(np.int64(7), 'value', np.int64(0)),
  (np.int64(2), 'Ind_n', np.int64(0)),
  (np.int64(5), 'field', np.int64(0))],
 [(np.int64(8), 'field', np.int64(1)),
  (np.int64(9), 'label', np.int64(1)),
  (np.int64(1), 'l_e', np.int64(1))],
 [(np.int64(9), 'label', np.int64(0)),
  (np.int64(1), 'l_e', np.int64(0)),
  (np.int64(10), 'value', np.int64(1)),
  (np.int64(12), 'lambda', np.int64(1)),
  (np.int64(13), 'dom', np.int64(1)),
  (np.int64(14), 'var', np.int64(1)),
  (np.int64(2), 'Ind_n', np.int64(1))],
 [(np.int64(13), 'dom', np.int64(0)),
  (np.int64(14), 'var', np.int64(0)),
  (np.int64(2), 'Ind_n', np.int64(0)),
  (np.int64(15), 'rng', np.int64(1)),
  (np.int64(16), 'ptype1', np.int64(1)),
  (np.int64(17), 'rel', np.int64(1)),
  (np.int64(4), 'cat_n', np.int64(1))],
 [(np.int64(17), 'rel', np.int64(0)),
  (np.int64(4), 'cat_n', np.int64(0)),
  (np.int64(18), 'arg0', np.int64(1)),
  (np.int64(14), 'var', np.int64(1))],
 [(np.int64(16), 'ptype1', np.int64(0)),
  (np.int64(18), 'arg0', np.int64(0)),
  (np.int64(14), 'var', np.int64(0))],
 [(np.int64(12), 'lambda', np.int64(0)), (np.int64(15), 'rng', np.int64(0))],
 [(np.int64(0), 'l_x', np.int64(1))],
 [(np.int64(0), 'l_x', np.int64(0))],
 [(np.int64(10), 'value', np.int64(0)), (np.int64(8), 'field', np.int64(0))],
 [(np.int64(11), 'rec', np.int64(0))]]


Example 16:

[[(np.int64(12), 'rec', np.int64(1)),
  (np.int64(6), 'field', np.int64(1)),
  (np.int64(7), 'label', np.int64(1)),
  (np.int64(0), 'l_x', np.int64(1))],
 [(np.int64(7), 'label', np.int64(0)),
  (np.int64(0), 'l_x', np.int64(0)),
  (np.int64(8), 'value', np.int64(1)),
  (np.int64(4), 'Ind_n', np.int64(1))],
 [(np.int64(8), 'value', np.int64(0)),
  (np.int64(4), 'Ind_n', np.int64(0)),
  (np.int64(6), 'field', np.int64(0))],
 [(np.int64(9), 'field', np.int64(1)),
  (np.int64(10), 'label', np.int64(1)),
  (np.int64(1), 'l_e', np.int64(1))],
 [(np.int64(10), 'label', np.int64(0)),
  (np.int64(1), 'l_e', np.int64(0)),
  (np.int64(11), 'value', np.int64(1)),
  (np.int64(13), 'ptype1', np.int64(1)),
  (np.int64(14), 'rel', np.int64(1)),
  (np.int64(5), 'dog_n', np.int64(1))],
 [(np.int64(14), 'rel', np.int64(0)),
  (np.int64(5), 'dog_n', np.int64(0)),
  (np.int64(15), 'arg0', np.int64(1)),
  (np.int64(2), 'a', np.int64(1))],
 [(np.int64(13), 'ptype1', np.int64(0)),
  (np.int64(15), 'arg0', np.int64(0)),
  (np.int64(2), 'a', np.int64(0))],
 [(np.int64(11), 'value', np.int64(0)), (np.int64(9), 'field', np.int64(0))],
 [(np.int64(12), 'rec', np.int64(0))]]


[[(np.int64(4), 'Ind_n', np.int64(1)), (np.int64(2), 'a', np.int64(1))],
 [(np.int64(4), 'Ind_n', np.int64(0)), (np.int64(2), 'a', np.int64(0))],
 [(np.int64(13), 'ptype1', np.int64(1)),
  (np.int64(14), 'rel', np.int64(1)),
  (np.int64(5), 'dog_n', np.int64(1)),
  (np.int64(3), 's', np.int64(1))],
 [(np.int64(14), 'rel', np.int64(0)),
  (np.int64(5), 'dog_n', np.int64(0)),
  (np.int64(15), 'arg0', np.int64(1)),
  (np.int64(2), 'a', np.int64(1))],
 [(np.int64(13), 'ptype1', np.int64(0)),
  (np.int64(15), 'arg0', np.int64(0)),
  (np.int64(2), 'a', np.int64(0))],
 [(np.int64(3), 's', np.int64(0))]]


------  -  -  -  -  -  -  -
l_x     0  0  0  0  0  0  0
l_e     0  0  0  0  0  0  0
a       0  1  0  0  1  0  0
s       0  0  0  1  1  1  0
Ind_n   0  1  0  0  0  0  0
dog_n   0  0  0  1  0  0  0
field   0  0  0  0  0  0  0
label   0  0  0  0  0  0  0
value   0  0  0  0  0  0  0
field   0  0  0  0  0  0  0
label   0  0  0  0  0  0  0
value   0  0  0  0  0  0  0
rec     0  0  0  0  0  0  0
ptype1  0  0  0  1  1  0  0
rel     0  0  0  1  0  0  0
arg0    0  0  0  0  1  0  0
------  -  -  -  -  -  -  -
[[(np.int64(12), 'rec', np.int64(1)),
  (np.int64(6), 'field', np.int64(1)),
  (np.int64(7), 'label', np.int64(1)),
  (np.int64(16), 'l_type', np.int64(1))],
 [(np.int64(7), 'label', np.int64(0)),
  (np.int64(16), 'l_type', np.int64(0)),
  (np.int64(8), 'value', np.int64(1)),
  (np.int64(24), 'rec', np.int64(1)),
  (np.int64(18), 'field', np.int64(1)),
  (np.int64(19), 'label', np.int64(1)),
  (np.int64(0), 'l_x', np.int64(1))],
 [(np.int64(19), 'label', np.int64(0)),
  (np.int64(0), 'l_x', np.int64(0)),
  (np.int64(20), 'value', np.int64(1)),
  (np.int64(4), 'Ind_n', np.int64(1))],
 [(np.int64(20), 'value', np.int64(0)),
  (np.int64(4), 'Ind_n', np.int64(0)),
  (np.int64(18), 'field', np.int64(0))],
 [(np.int64(21), 'field', np.int64(1)),
  (np.int64(22), 'label', np.int64(1)),
  (np.int64(1), 'l_e', np.int64(1))],
 [(np.int64(22), 'label', np.int64(0)),
  (np.int64(1), 'l_e', np.int64(0)),
  (np.int64(23), 'value', np.int64(1)),
  (np.int64(25), 'lambda', np.int64(1)),
  (np.int64(26), 'dom', np.int64(1)),
  (np.int64(27), 'var', np.int64(1)),
  (np.int64(4), 'Ind_n', np.int64(1))],
 [(np.int64(26), 'dom', np.int64(0)),
  (np.int64(27), 'var', np.int64(0)),
  (np.int64(4), 'Ind_n', np.int64(0)),
  (np.int64(28), 'rng', np.int64(1)),
  (np.int64(13), 'ptype1', np.int64(1)),
  (np.int64(14), 'rel', np.int64(1)),
  (np.int64(5), 'dog_n', np.int64(1))],
 [(np.int64(14), 'rel', np.int64(0)),
  (np.int64(5), 'dog_n', np.int64(0)),
  (np.int64(15), 'arg0', np.int64(1)),
  (np.int64(27), 'var', np.int64(1))],
 [(np.int64(13), 'ptype1', np.int64(0)),
  (np.int64(15), 'arg0', np.int64(0)),
  (np.int64(27), 'var', np.int64(0))],
 [(np.int64(25), 'lambda', np.int64(0)), (np.int64(28), 'rng', np.int64(0))],
 [(np.int64(0), 'l_x', np.int64(1))],
 [(np.int64(0), 'l_x', np.int64(0))],
 [(np.int64(23), 'value', np.int64(0)), (np.int64(21), 'field', np.int64(0))],
 [(np.int64(24), 'rec', np.int64(0))],
 [(np.int64(8), 'value', np.int64(0)), (np.int64(6), 'field', np.int64(0))],
 [(np.int64(9), 'field', np.int64(1)),
  (np.int64(10), 'label', np.int64(1)),
  (np.int64(17), 'l_obj', np.int64(1))],
 [(np.int64(10), 'label', np.int64(0)),
  (np.int64(17), 'l_obj', np.int64(0)),
  (np.int64(11), 'value', np.int64(1)),
  (np.int64(24), 'rec', np.int64(1)),
  (np.int64(18), 'field', np.int64(1)),
  (np.int64(19), 'label', np.int64(1)),
  (np.int64(0), 'l_x', np.int64(1))],
 [(np.int64(19), 'label', np.int64(0)),
  (np.int64(0), 'l_x', np.int64(0)),
  (np.int64(20), 'value', np.int64(1)),
  (np.int64(2), 'a', np.int64(1))],
 [(np.int64(20), 'value', np.int64(0)),
  (np.int64(2), 'a', np.int64(0)),
  (np.int64(18), 'field', np.int64(0))],
 [(np.int64(21), 'field', np.int64(1)),
  (np.int64(22), 'label', np.int64(1)),
  (np.int64(1), 'l_e', np.int64(1))],
 [(np.int64(22), 'label', np.int64(0)),
  (np.int64(1), 'l_e', np.int64(0)),
  (np.int64(23), 'value', np.int64(1)),
  (np.int64(3), 's', np.int64(1))],
 [(np.int64(23), 'value', np.int64(0)),
  (np.int64(3), 's', np.int64(0)),
  (np.int64(21), 'field', np.int64(0))],
 [(np.int64(24), 'rec', np.int64(0))],
 [(np.int64(11), 'value', np.int64(0)), (np.int64(9), 'field', np.int64(0))],
 [(np.int64(12), 'rec', np.int64(0))]]
------  -  -  -  -  -  -  -  -  -  -  -  -  -  -  -  -  -  -  -  -  -  -  -  -  -  -
l_x     0  0  1  0  0  0  0  0  0  0  0  1  0  0  0  0  0  1  0  0  0  0  0  0  0  0
l_e     0  0  0  0  0  1  0  0  0  0  0  0  0  0  0  0  0  0  0  0  1  0  0  0  0  0
a       0  0  0  0  0  0  0  0  0  0  0  0  0  0  0  0  0  0  1  0  0  0  0  0  0  0
s       0  0  0  0  0  0  0  0  0  0  0  0  0  0  0  0  0  0  0  0  0  1  0  0  0  0
Ind_n   0  0  0  1  0  0  1  0  0  0  0  0  0  0  0  0  0  0  0  0  0  0  0  0  0  0
dog_n   0  0  0  0  0  0  0  1  0  0  0  0  0  0  0  0  0  0  0  0  0  0  0  0  0  0
field   0  1  1  1  1  1  1  1  1  1  1  1  1  1  1  0  0  0  0  0  0  0  0  0  0  0
label   0  1  0  0  0  0  0  0  0  0  0  0  0  0  0  0  0  0  0  0  0  0  0  0  0  0
value   0  0  1  1  1  1  1  1  1  1  1  1  1  1  1  0  0  0  0  0  0  0  0  0  0  0
field   0  0  0  0  0  0  0  0  0  0  0  0  0  0  0  0  1  1  1  1  1  1  1  1  0  0
label   0  0  0  0  0  0  0  0  0  0  0  0  0  0  0  0  1  0  0  0  0  0  0  0  0  0
value   0  0  0  0  0  0  0  0  0  0  0  0  0  0  0  0  0  1  1  1  1  1  1  1  0  0
rec     0  1  1  1  1  1  1  1  1  1  1  1  1  1  1  1  1  1  1  1  1  1  1  1  1  0
ptype1  0  0  0  0  0  0  0  1  1  0  0  0  0  0  0  0  0  0  0  0  0  0  0  0  0  0
rel     0  0  0  0  0  0  0  1  0  0  0  0  0  0  0  0  0  0  0  0  0  0  0  0  0  0
arg0    0  0  0  0  0  0  0  0  1  0  0  0  0  0  0  0  0  0  0  0  0  0  0  0  0  0
l_type  0  1  0  0  0  0  0  0  0  0  0  0  0  0  0  0  0  0  0  0  0  0  0  0  0  0
l_obj   0  0  0  0  0  0  0  0  0  0  0  0  0  0  0  0  1  0  0  0  0  0  0  0  0  0
field   0  0  1  1  0  0  0  0  0  0  0  0  0  0  0  0  0  1  1  0  0  0  0  0  0  0
label   0  0  1  0  0  0  0  0  0  0  0  0  0  0  0  0  0  1  0  0  0  0  0  0  0  0
value   0  0  0  1  0  0  0  0  0  0  0  0  0  0  0  0  0  0  1  0  0  0  0  0  0  0
field   0  0  0  0  0  1  1  1  1  1  1  1  1  0  0  0  0  0  0  0  1  1  0  0  0  0
label   0  0  0  0  0  1  0  0  0  0  0  0  0  0  0  0  0  0  0  0  1  0  0  0  0  0
value   0  0  0  0  0  0  1  1  1  1  1  1  1  0  0  0  0  0  0  0  0  1  0  0  0  0
rec     0  0  1  1  1  1  1  1  1  1  1  1  1  1  0  0  0  1  1  1  1  1  1  0  0  0
lambda  0  0  0  0  0  0  1  1  1  1  0  0  0  0  0  0  0  0  0  0  0  0  0  0  0  0
dom     0  0  0  0  0  0  1  0  0  0  0  0  0  0  0  0  0  0  0  0  0  0  0  0  0  0
var     0  0  0  0  0  0  1  0  1  0  0  0  0  0  0  0  0  0  0  0  0  0  0  0  0  0
rng     0  0  0  0  0  0  0  1  1  1  0  0  0  0  0  0  0  0  0  0  0  0  0  0  0  0
------  -  -  -  -  -  -  -  -  -  -  -  -  -  -  -  -  -  -  -  -  -  -  -  -  -  -
